
--- Job csv2gdx_converter.gms Start 09/10/21 14:17:35 24.9.2 r64480 WEX-WEI x86 64bit/MS Windows
GAMS 24.9.2   Copyright (C) 1987-2017 GAMS Development. All rights reserved
Licensee: Large MUD - 20 User License                    G170913:1610CS-WIN
          US Environmental Protection Agency, CGE Modeling Group 003DC13550
          License Admin: Eric Smith, smith.eric@epa.gov                    
--- Starting compilation
--- csv2gdx_converter.gms(6) 2 Mb
--- call csv2gdx CONVOLDqctn.csv id=d index=1..5 values=lastCol useHeader=y trace=0
--- csv2gdx_converter.gms(7) 2 Mb
--- GDXin=C:\Users\CMARCY\OneDrive - Environmental Protection Agency (EPA)\Desktop\py_projects\plantfile\NEEDS_project\gdx_generator\needs_output\CONVOLDqctn.gdx
--- csv2gdx_converter.gms(10) 3 Mb
--- call csv2gdx import_store_power_cap_at_grid.csv id=d index=1..2 values=lastCol useHeader=y trace=0
--- csv2gdx_converter.gms(11) 3 Mb
--- GDXin=C:\Users\CMARCY\OneDrive - Environmental Protection Agency (EPA)\Desktop\py_projects\plantfile\NEEDS_project\gdx_generator\needs_output\import_store_power_cap_at_grid.gdx
--- csv2gdx_converter.gms(14) 3 Mb
--- call csv2gdx PrescriptiveBuildsNonQn.csv id=d index=1..3 values=lastCol useHeader=y trace=0
--- csv2gdx_converter.gms(15) 3 Mb
--- GDXin=C:\Users\CMARCY\OneDrive - Environmental Protection Agency (EPA)\Desktop\py_projects\plantfile\NEEDS_project\gdx_generator\needs_output\PrescriptiveBuildsNonQn.gdx
--- csv2gdx_converter.gms(18) 3 Mb
--- call csv2gdx PrescriptiveBuildsnqct.csv id=d index=1..6 values=lastCol useHeader=y trace=0
--- csv2gdx_converter.gms(19) 3 Mb
--- GDXin=C:\Users\CMARCY\OneDrive - Environmental Protection Agency (EPA)\Desktop\py_projects\plantfile\NEEDS_project\gdx_generator\needs_output\PrescriptiveBuildsnqct.gdx
--- csv2gdx_converter.gms(22) 3 Mb
--- call csv2gdx PrescriptiveBuildsStorage.csv id=d index=1..3 values=lastCol useHeader=y trace=0
--- csv2gdx_converter.gms(23) 3 Mb
--- GDXin=C:\Users\CMARCY\OneDrive - Environmental Protection Agency (EPA)\Desktop\py_projects\plantfile\NEEDS_project\gdx_generator\needs_output\PrescriptiveBuildsStorage.gdx
--- csv2gdx_converter.gms(26) 3 Mb
--- call csv2gdx PrescriptiveBuildsWind.csv id=d index=1..3 values=lastCol useHeader=y trace=0
--- csv2gdx_converter.gms(27) 3 Mb
--- GDXin=C:\Users\CMARCY\OneDrive - Environmental Protection Agency (EPA)\Desktop\py_projects\plantfile\NEEDS_project\gdx_generator\needs_output\PrescriptiveBuildsWind.gdx
--- csv2gdx_converter.gms(30) 3 Mb
--- call csv2gdx Nuke60RetireYear.csv id=d index=1..6 values=lastCol useHeader=y trace=0
--- csv2gdx_converter.gms(31) 3 Mb
--- GDXin=C:\Users\CMARCY\OneDrive - Environmental Protection Agency (EPA)\Desktop\py_projects\plantfile\NEEDS_project\gdx_generator\needs_output\Nuke60RetireYear.gdx
--- csv2gdx_converter.gms(34) 3 Mb
--- call csv2gdx Nuke80RetireYear.csv id=d index=1..6 values=lastCol useHeader=y trace=0
--- csv2gdx_converter.gms(35) 3 Mb
--- GDXin=C:\Users\CMARCY\OneDrive - Environmental Protection Agency (EPA)\Desktop\py_projects\plantfile\NEEDS_project\gdx_generator\needs_output\Nuke80RetireYear.gdx
--- csv2gdx_converter.gms(38) 3 Mb
--- call csv2gdx NukeRefRetireYear.csv id=d index=1..6 values=lastCol useHeader=y trace=0
--- csv2gdx_converter.gms(39) 3 Mb
--- GDXin=C:\Users\CMARCY\OneDrive - Environmental Protection Agency (EPA)\Desktop\py_projects\plantfile\NEEDS_project\gdx_generator\needs_output\NukeRefRetireYear.gdx
--- csv2gdx_converter.gms(42) 4 Mb
--- call csv2gdx NukeEarlyRetireYear.csv id=d index=1..6 values=lastCol useHeader=y trace=0
--- csv2gdx_converter.gms(43) 4 Mb
--- GDXin=C:\Users\CMARCY\OneDrive - Environmental Protection Agency (EPA)\Desktop\py_projects\plantfile\NEEDS_project\gdx_generator\needs_output\NukeEarlyRetireYear.gdx
--- csv2gdx_converter.gms(46) 4 Mb
--- call csv2gdx PrescriptiveRet.csv id=d index=1..6 values=lastCol useHeader=y trace=0
--- csv2gdx_converter.gms(47) 4 Mb
--- GDXin=C:\Users\CMARCY\OneDrive - Environmental Protection Agency (EPA)\Desktop\py_projects\plantfile\NEEDS_project\gdx_generator\needs_output\PrescriptiveRet.gdx
--- csv2gdx_converter.gms(50) 4 Mb
--- call csv2gdx WindRetireExisting.csv id=d index=1..3 values=lastCol useHeader=y trace=0
--- csv2gdx_converter.gms(51) 4 Mb
--- GDXin=C:\Users\CMARCY\OneDrive - Environmental Protection Agency (EPA)\Desktop\py_projects\plantfile\NEEDS_project\gdx_generator\needs_output\WindRetireExisting.gdx
--- csv2gdx_converter.gms(54) 4 Mb
--- call csv2gdx WindRetirePrescribed.csv id=d index=1..3 values=lastCol useHeader=y trace=0
--- csv2gdx_converter.gms(55) 4 Mb
--- GDXin=C:\Users\CMARCY\OneDrive - Environmental Protection Agency (EPA)\Desktop\py_projects\plantfile\NEEDS_project\gdx_generator\needs_output\WindRetirePrescribed.gdx
--- csv2gdx_converter.gms(58) 4 Mb
--- call csv2gdx tmpCSPOct.csv id=d index=1..3 values=lastCol useHeader=y trace=0
--- csv2gdx_converter.gms(59) 4 Mb
--- GDXin=C:\Users\CMARCY\OneDrive - Environmental Protection Agency (EPA)\Desktop\py_projects\plantfile\NEEDS_project\gdx_generator\needs_output\tmpCSPOct.gdx
--- csv2gdx_converter.gms(62) 4 Mb
--- call csv2gdx tmpDUPVOn.csv id=d index=1 values=lastCol useHeader=y trace=0
--- csv2gdx_converter.gms(63) 4 Mb
--- GDXin=C:\Users\CMARCY\OneDrive - Environmental Protection Agency (EPA)\Desktop\py_projects\plantfile\NEEDS_project\gdx_generator\needs_output\tmpDUPVOn.gdx
--- csv2gdx_converter.gms(66) 4 Mb
--- call csv2gdx tmpUPVOn.csv id=d index=1 values=lastCol useHeader=y trace=0
--- csv2gdx_converter.gms(67) 4 Mb
--- GDXin=C:\Users\CMARCY\OneDrive - Environmental Protection Agency (EPA)\Desktop\py_projects\plantfile\NEEDS_project\gdx_generator\needs_output\tmpUPVOn.gdx
--- csv2gdx_converter.gms(70) 4 Mb
--- call csv2gdx tmpWTOi.csv id=d index=1 values=lastCol useHeader=y trace=0
--- csv2gdx_converter.gms(71) 4 Mb
--- GDXin=C:\Users\CMARCY\OneDrive - Environmental Protection Agency (EPA)\Desktop\py_projects\plantfile\NEEDS_project\gdx_generator\needs_output\tmpWTOi.gdx
--- csv2gdx_converter.gms(78) 4 Mb
--- Starting execution: elapsed 0:00:08.855
--- csv2gdx_converter.gms(74) 4 Mb
--- GDX File C:\Users\CMARCY\OneDrive - Environmental Protection Agency (EPA)\Desktop\py_projects\plantfile\NEEDS_project\gdx_generator\needs_output\ExistingUnits_EIA-NEMS.gdx
--- csv2gdx_converter.gms(76) 4 Mb
--- GDX File C:\Users\CMARCY\OneDrive - Environmental Protection Agency (EPA)\Desktop\py_projects\plantfile\NEEDS_project\gdx_generator\needs_output\PrescriptiveBuilds_EIA-NEMS.gdx
--- csv2gdx_converter.gms(78) 4 Mb
--- GDX File C:\Users\CMARCY\OneDrive - Environmental Protection Agency (EPA)\Desktop\py_projects\plantfile\NEEDS_project\gdx_generator\needs_output\PrescriptiveRetirements_EIA-NEMS.gdx
*** Status: Normal completion
--- Job csv2gdx_converter.gms Stop 09/10/21 14:17:44 elapsed 0:00:08.980
